Compilazione avviata 9/24/2012 12:35:34 PM.
     1>Progetto "C:\Project64bit\TE_USB_FX2_CyAPI_SampleApplication\TE_USB_FX2_CyAPI_SampleApplication\TE_USB_FX2_CyAPI_SampleApplication.vcxproj" sul nodo 2 (destinazioni: build).
     1>InitializeBuildStatus:
         Aggiornamento timestamp di "x64\Release\TE_USB_FX2_CyAPI_SampleApplication.unsuccessfulbuild".
       ClCompile:
         c:\Program Files (x86)\Microsoft Visual Studio 10.0\VC\bin\x86_amd64\CL.exe /c /Zi /nologo /W1 /WX- /O2 /D _AMD64_ /Gm- /EHsc /MD /GS /fp:precise /Zc:wchar_t /Zc:forScope /Fo"x64\Release\\" /Fd"x64\Release\vc100.pdb" /Gd /TP /errorReport:prompt TE_USB_FX2_CyAPI_SampleApplication.cpp
         TE_USB_FX2_CyAPI_SampleApplication.cpp
       Link:
         c:\Program Files (x86)\Microsoft Visual Studio 10.0\VC\bin\x86_amd64\link.exe /ERRORREPORT:PROMPT /OUT:"C:\Project64bit\TE_USB_FX2_CyAPI_SampleApplication\x64\Release\TE_USB_FX2_CyAPI_SampleApplication.exe" /NOLOGO SetupApi.lib kernel32.lib user32.lib gdi32.lib winspool.lib comdlg32.lib advapi32.lib shell32.lib ole32.lib oleaut32.lib uuid.lib odbc32.lib odbccp32.lib /NODEFAULTLIB:libcmt.lib /MANIFEST /ManifestFile:"x64\Release\TE_USB_FX2_CyAPI_SampleApplication.exe.intermediate.manifest" /MANIFESTUAC:"level='asInvoker' uiAccess='false'" /DEBUG /PDB:"C:\Project64bit\TE_USB_FX2_CyAPI_SampleApplication\x64\Release\TE_USB_FX2_CyAPI_SampleApplication.pdb" /TLBID:1 /DYNAMICBASE /NXCOMPAT /IMPLIB:"C:\Project64bit\TE_USB_FX2_CyAPI_SampleApplication\x64\Release\TE_USB_FX2_CyAPI_SampleApplication.lib" /MACHINE:X64 x64\Release\stdafx.obj
         x64\Release\TE_USB_FX2_CyAPI_SampleApplication.obj
         LINK : C:\Project64bit\TE_USB_FX2_CyAPI_SampleApplication\x64\Release\TE_USB_FX2_CyAPI_SampleApplication.exe non trovato o non compilato dall'ultimo collegamento incrementale; verrà eseguito il collegamento completo
         TE_USB_FX2_CyAPI_SampleApplication.vcxproj -> C:\Project64bit\TE_USB_FX2_CyAPI_SampleApplication\x64\Release\TE_USB_FX2_CyAPI_SampleApplication.exe
       Manifest:
         C:\Program Files (x86)\Microsoft SDKs\Windows\v7.0A\bin\mt.exe /nologo /verbose /outputresource:"C:\Project64bit\TE_USB_FX2_CyAPI_SampleApplication\x64\Release\TE_USB_FX2_CyAPI_SampleApplication.exe;#1" /manifest x64\Release\TE_USB_FX2_CyAPI_SampleApplication.exe.intermediate.manifest
       FinalizeBuildStatus:
         Eliminazione del file "x64\Release\TE_USB_FX2_CyAPI_SampleApplication.unsuccessfulbuild" in corso.
         Aggiornamento timestamp di "x64\Release\TE_USB_FX2_CyAPI_SampleApplication.lastbuildstate".
     1>Compilazione progetto "C:\Project64bit\TE_USB_FX2_CyAPI_SampleApplication\TE_USB_FX2_CyAPI_SampleApplication\TE_USB_FX2_CyAPI_SampleApplication.vcxproj" (destinazioni: build) completata.

Compilazione completata.

Tempo trascorso 00:00:03.35
