Compilazione avviata 12/05/2012 18:30:21.
     1>Progetto "C:\Users\SergioPavesiA\Documents\Visual Studio 2010\Projects\Prova2\TE_USB_FX2_CyAPI_SampleApplication\TE_USB_FX2_CyAPI_SampleApplication\TE_USB_FX2_CyAPI_SampleApplication.vcxproj" sul nodo 2 (destinazioni: build).
     1>InitializeBuildStatus:
         Aggiornamento timestamp di "Debug\TE_USB_FX2_CyAPI_SampleApplication.unsuccessfulbuild".
       ClCompile:
         Tutti gli output sono aggiornati.
         c:\Program Files (x86)\Microsoft Visual Studio 10.0\VC\bin\CL.exe /c /ZI /nologo /W3 /WX- /Od /Oy- /D WIN32 /D _DEBUG /D _CONSOLE /D _UNICODE /D UNICODE /Gm /EHsc /RTC1 /MDd /GS /fp:precise /Zc:wchar_t /Zc:forScope /Yu"StdAfx.h" /Fp"Debug\TE_USB_FX2_CyAPI_SampleApplication.pch" /Fo"Debug\\" /Fd"Debug\vc100.pdb" /Gd /TP /analyze- /errorReport:prompt TE_USB_FX2_CyAPI_SampleApplication.cpp
         TE_USB_FX2_CyAPI_SampleApplication.cpp
     1>c:\program files (x86)\microsoft sdks\windows\v7.0a\include\winnt.h(6361): error C2146: errore di sintassi: ';' mancante prima dell'identificatore 'ContextRecord'
     1>c:\program files (x86)\microsoft sdks\windows\v7.0a\include\winnt.h(6361): error C4430: identificatore di tipo mancante, verrà utilizzato int. Nota: default-int non è più supportato in C++
     1>c:\program files (x86)\microsoft sdks\windows\v7.0a\include\winnt.h(6361): error C4430: identificatore di tipo mancante, verrà utilizzato int. Nota: default-int non è più supportato in C++
     1>c:\program files (x86)\microsoft sdks\windows\v7.0a\include\winnt.h(12983): error C2065: 'PCONTEXT': identificatore non dichiarato
     1>c:\program files (x86)\microsoft sdks\windows\v7.0a\include\winnt.h(12984): error C2146: errore di sintassi: ')' mancante prima dell'identificatore 'ContextRecord'
     1>c:\program files (x86)\microsoft sdks\windows\v7.0a\include\winnt.h(12984): warning C4229: utilizzato anacronismo: i modificatori di dati vengono ignorati
     1>c:\program files (x86)\microsoft sdks\windows\v7.0a\include\winnt.h(12984): error C2182: 'RtlCaptureContext': utilizzo non valido del tipo 'void'
     1>c:\program files (x86)\microsoft sdks\windows\v7.0a\include\winnt.h(12984): error C2491: 'RtlCaptureContext': definizione di dllimport dati non consentita
     1>c:\program files (x86)\microsoft sdks\windows\v7.0a\include\winnt.h(12984): error C2059: errore di sintassi: ')'
     1>c:\program files (x86)\microsoft sdks\windows\v7.0a\include\winnt.h(13372): error C2143: errore di sintassi: ';' mancante prima di '__stdcall'
     1>c:\program files (x86)\microsoft sdks\windows\v7.0a\include\winnt.h(13372): error C4430: identificatore di tipo mancante, verrà utilizzato int. Nota: default-int non è più supportato in C++
     1>c:\program files (x86)\microsoft sdks\windows\v7.0a\include\winnt.h(13376): error C4430: identificatore di tipo mancante, verrà utilizzato int. Nota: default-int non è più supportato in C++
     1>c:\program files (x86)\microsoft sdks\windows\v7.0a\include\winnt.h(14982): error C3861: '__readfsdword': identificatore non trovato
     1>c:\program files (x86)\microsoft sdks\windows\v7.0a\include\winbase.h(1048): error C2146: errore di sintassi: ';' mancante prima dell'identificatore 'LPCONTEXT'
     1>c:\program files (x86)\microsoft sdks\windows\v7.0a\include\winbase.h(1048): error C4430: identificatore di tipo mancante, verrà utilizzato int. Nota: default-int non è più supportato in C++
     1>c:\program files (x86)\microsoft sdks\windows\v7.0a\include\winbase.h(1048): error C2378: 'PCONTEXT': ridefinizione. Impossibile eseguire l'overload del simbolo con typedef.
                 c:\program files (x86)\microsoft sdks\windows\v7.0a\include\winnt.h(13372): vedere la dichiarazione di 'PCONTEXT'
     1>c:\program files (x86)\microsoft sdks\windows\v7.0a\include\winbase.h(1048): error C4430: identificatore di tipo mancante, verrà utilizzato int. Nota: default-int non è più supportato in C++
     1>c:\program files (x86)\microsoft sdks\windows\v7.0a\include\winbase.h(3610): error C2061: errore di sintassi: identificatore 'PCONTEXT'
     1>c:\program files (x86)\microsoft sdks\windows\v7.0a\include\winbase.h(4449): error C2061: errore di sintassi: identificatore 'LPCONTEXT'
     1>c:\program files (x86)\microsoft sdks\windows\v7.0a\include\winbase.h(4457): error C4430: identificatore di tipo mancante, verrà utilizzato int. Nota: default-int non è più supportato in C++
     1>c:\program files (x86)\microsoft sdks\windows\v7.0a\include\winbase.h(4457): error C2143: errore di sintassi: ',' mancante prima di '*'
     1>c:\program files (x86)\microsoft sdks\windows\v7.0a\include\winbase.h(15112): error C2143: errore di sintassi: ';' mancante prima di '__stdcall'
     1>c:\program files (x86)\microsoft sdks\windows\v7.0a\include\winbase.h(15112): error C4430: identificatore di tipo mancante, verrà utilizzato int. Nota: default-int non è più supportato in C++
     1>c:\program files (x86)\microsoft sdks\windows\v7.0a\include\winbase.h(15116): error C4430: identificatore di tipo mancante, verrà utilizzato int. Nota: default-int non è più supportato in C++
     1>Compilazione progetto "C:\Users\SergioPavesiA\Documents\Visual Studio 2010\Projects\Prova2\TE_USB_FX2_CyAPI_SampleApplication\TE_USB_FX2_CyAPI_SampleApplication\TE_USB_FX2_CyAPI_SampleApplication.vcxproj" (destinazioni: build) NON COMPLETATA.

Compilazione NON RIUSCITA.

Tempo trascorso 00:00:00.94
