Compilazione avviata 29/05/2012 22:19:36.
     1>Progetto "C:\Users\SergioPavesiA\Documents\Visual Studio 2010\Projects\prova3\prova\TE_USB_FX2_CyAPI_SampleApplication\TE_USB_FX2_CyAPI_SampleApplication\TE_USB_FX2_CyAPI_SampleApplication.vcxproj" sul nodo 2 (destinazioni: build).
     1>InitializeBuildStatus:
         Creazione di "x64\Release\TE_USB_FX2_CyAPI_SampleApplication.unsuccessfulbuild". È stato specificato "AlwaysCreate".
       ClCompile:
         c:\Program Files (x86)\Microsoft Visual Studio 10.0\VC\bin\x86_amd64\CL.exe /c /Zi /nologo /W1 /WX- /O2 /D _AMD64_ /Gm- /EHsc /MD /GS /fp:precise /Zc:wchar_t /Zc:forScope /Fo"x64\Release\\" /Fd"x64\Release\vc100.pdb" /Gd /TP /errorReport:prompt stdafx.cpp TE_USB_FX2_CyAPI_SampleApplication.cpp
         stdafx.cpp
         TE_USB_FX2_CyAPI_SampleApplication.cpp
         Generating Code...
       Link:
         c:\Program Files (x86)\Microsoft Visual Studio 10.0\VC\bin\x86_amd64\link.exe /ERRORREPORT:PROMPT /OUT:"C:\Users\SergioPavesiA\Documents\Visual Studio 2010\Projects\prova3\prova\TE_USB_FX2_CyAPI_SampleApplication\x64\Release\TE_USB_FX2_CyAPI_SampleApplication.exe" /NOLOGO SetupApi.lib kernel32.lib user32.lib gdi32.lib winspool.lib comdlg32.lib advapi32.lib shell32.lib ole32.lib oleaut32.lib uuid.lib odbc32.lib odbccp32.lib /MANIFEST /ManifestFile:"x64\Release\TE_USB_FX2_CyAPI_SampleApplication.exe.intermediate.manifest" /MANIFESTUAC:"level='asInvoker' uiAccess='false'" /PDB:"C:\Users\SergioPavesiA\Documents\Visual Studio 2010\Projects\prova3\prova\TE_USB_FX2_CyAPI_SampleApplication\x64\Release\TE_USB_FX2_CyAPI_SampleApplication.pdb" /TLBID:1 /DYNAMICBASE /NXCOMPAT /IMPLIB:"C:\Users\SergioPavesiA\Documents\Visual Studio 2010\Projects\prova3\prova\TE_USB_FX2_CyAPI_SampleApplication\x64\Release\TE_USB_FX2_CyAPI_SampleApplication.lib" /MACHINE:X64 x64\Release\stdafx.obj
         x64\Release\TE_USB_FX2_CyAPI_SampleApplication.obj
         CyAPI.lib
         TE_USB_FX2_CyAPI.lib
     1>LINK : warning LNK4098: la libreria predefinita 'LIBCMT' è in conflitto con l'utilizzo di altre librerie; utilizzare /NODEFAULTLIB:libreria
         TE_USB_FX2_CyAPI_SampleApplication.vcxproj -> C:\Users\SergioPavesiA\Documents\Visual Studio 2010\Projects\prova3\prova\TE_USB_FX2_CyAPI_SampleApplication\x64\Release\TE_USB_FX2_CyAPI_SampleApplication.exe
       Manifest:
         C:\Program Files (x86)\Microsoft SDKs\Windows\v7.0A\bin\mt.exe /nologo /verbose /outputresource:"C:\Users\SergioPavesiA\Documents\Visual Studio 2010\Projects\prova3\prova\TE_USB_FX2_CyAPI_SampleApplication\x64\Release\TE_USB_FX2_CyAPI_SampleApplication.exe;#1" /manifest x64\Release\TE_USB_FX2_CyAPI_SampleApplication.exe.intermediate.manifest
       FinalizeBuildStatus:
         Eliminazione del file "x64\Release\TE_USB_FX2_CyAPI_SampleApplication.unsuccessfulbuild" in corso.
         Aggiornamento timestamp di "x64\Release\TE_USB_FX2_CyAPI_SampleApplication.lastbuildstate".
     1>Compilazione progetto "C:\Users\SergioPavesiA\Documents\Visual Studio 2010\Projects\prova3\prova\TE_USB_FX2_CyAPI_SampleApplication\TE_USB_FX2_CyAPI_SampleApplication\TE_USB_FX2_CyAPI_SampleApplication.vcxproj" (destinazioni: build) completata.

Compilazione completata.

Tempo trascorso 00:00:01.67
